[2016-04-08 20:46:20] START
[2016-04-08 20:46:45] EDIT test/views/default/index.html: 199
[2016-04-08 20:51:12] CREATE assets/bootstrap/css/bootstrap.min.css: 0
[2016-04-08 20:51:34] EDIT test/static/assets/bootstrap/css/bootstrap.min.css: 7183
[2016-04-08 20:53:26] EDIT test/views/default/index.html: 0
[2016-04-08 20:55:35] EDIT test/views/default/index.html: 0
[2016-04-08 20:56:12] EDIT test/views/default/index.html: 0
[2016-04-08 20:56:45] EDIT test/views/default/index.html: 0
[2016-04-08 21:00:42] EDIT test/views/default/index.html: -44
[2016-04-08 21:03:34] EDIT test/views/default/index.html: 0
[2016-04-08 21:06:55] EDIT test/views/default/index.html: 0
[2016-04-08 21:07:11] EDIT test/views/default/index.html: 0
[2016-04-08 21:07:35] EDIT test/views/default/index.html: 0
[2016-04-08 21:08:23] EDIT test/views/default/index.html: 0
[2016-04-08 21:08:32] EDIT test/views/default/index.html: 0
[2016-04-08 21:10:50] EDIT test/views/default/index.html: 0
[2016-04-08 21:11:53] EDIT test/views/default/index.html: 0
[2016-04-08 21:12:12] EDIT test/views/default/index.html: 0
[2016-04-08 21:12:37] EDIT test/views/default/index.html: 0
[2016-04-08 21:12:45] EDIT test/views/default/index.html: 0
[2016-04-08 21:12:53] EDIT test/views/default/index.html: 0
[2016-04-08 21:13:53] EDIT test/views/default/index.html: 0
[2016-04-08 21:15:02] EDIT test/views/default/index.html: 0
[2016-04-08 21:15:51] EDIT test/views/default/index.html: 0
[2016-04-08 21:17:19] EDIT test/views/default/index.html: 0
[2016-04-08 21:19:24] EDIT test/views/default/index.html: 0
[2016-04-08 21:20:56] EDIT test/views/default/index.html: -27
[2016-04-08 21:26:26] EDIT test/views/default/index.html: 0
[2016-04-08 21:26:27] EDIT test/views/default/index.html: 0
[2016-04-08 21:26:27] EDIT test/views/default/index.html: 0
[2016-04-08 21:26:28] EDIT test/views/default/index.html: 0
[2016-04-08 21:26:28] EDIT test/views/default/index.html: 0
[2016-04-08 21:26:29] EDIT test/views/default/index.html: 0
[2016-04-08 21:26:46] EDIT test/views/default/index.html: 0
[2016-04-08 21:28:12] EDIT test/views/default/index.html: 2
[2016-04-08 21:29:06] EDIT test/views/default/index.html: 0
[2016-04-08 21:29:35] EDIT test/views/default/index.html: 0
[2016-04-08 21:29:49] EDIT test/views/default/index.html: -1
[2016-04-08 21:30:27] EDIT test/views/default/index.html: -2
[2016-04-08 21:32:04] EDIT test/views/default/index.html: 2
[2016-04-08 21:32:51] EDIT test/views/default/index.html: 1
[2016-04-08 21:32:51] EDIT test/views/default/index.html: 0
[2016-04-08 21:33:23] EDIT test/views/default/index.html: 0
[2016-04-08 21:33:40] EDIT test/controllers/default.py: 1
[2016-04-08 21:33:42] EDIT test/controllers/default.py: 0
[2016-04-08 21:34:17] EDIT test/controllers/default.py: 0
[2016-04-08 21:34:25] EDIT test/controllers/default.py: 0
[2016-04-08 21:48:26] EDIT test/views/default/index.html: 1
[2016-04-08 21:49:52] EDIT test/views/default/index.html: 19
[2016-04-08 21:50:16] EDIT test/views/default/index.html: -2
[2016-04-08 21:50:56] EDIT test/views/default/index.html: -10
[2016-04-08 21:51:33] EDIT test/views/default/index.html: -2
[2016-04-08 21:53:59] EDIT test/views/default/index.html: -3
[2016-04-08 22:00:28] EDIT test/views/layout.html: -1
[2016-04-08 22:00:43] EDIT test/views/layout.html: -2
[2016-04-08 22:00:54] EDIT test/views/default/index.html: -1
[2016-04-08 22:01:09] EDIT test/views/default/index.html: 0
[2016-04-08 22:05:59] EDIT test/views/default/index.html: -4
[2016-04-08 22:06:05] EDIT test/views/default/index.html: 4
[2016-04-08 22:09:00] EDIT test/views/default/index.html: 0
[2016-04-08 22:09:39] EDIT test/views/default/index.html: -4
[2016-04-08 22:10:54] EDIT test/views/default/index.html: -16
[2016-04-08 22:11:43] EDIT test/views/default/index.html: 0
[2016-04-08 22:12:45] EDIT test/views/default/index.html: -5
[2016-04-08 22:12:52] EDIT test/views/default/index.html: 5
[2016-04-08 22:14:07] EDIT test/views/default/index.html: 86
[2016-04-08 22:14:35] EDIT test/views/default/index.html: 0
[2016-04-08 22:15:26] EDIT test/views/default/index.html: -44
[2016-04-08 22:15:54] EDIT test/views/default/index.html: 0
[2016-04-08 22:16:43] EDIT test/views/default/index.html: 0
[2016-04-08 22:17:09] EDIT test/views/default/index.html: 0
[2016-04-08 22:30:10] UPLOAD /home/baks/Desktop/web2py/applications/test/static/imac.jpg: 978
[2016-04-08 22:31:16] EDIT test/views/default/index.html: 0
[2016-04-08 22:31:26] EDIT test/views/default/index.html: 0
[2016-04-08 22:31:32] EDIT test/views/default/index.html: 0
[2016-04-08 22:35:26] EDIT test/views/default/index.html: 1
[2016-04-08 22:36:22] EDIT test/views/default/index.html: 0
[2016-04-08 22:36:38] EDIT test/views/default/index.html: 0
[2016-04-08 22:37:57] EDIT test/views/default/index.html: 0
[2016-04-08 22:38:29] EDIT test/views/default/index.html: 0
[2016-04-08 22:38:37] EDIT test/views/default/index.html: -1
[2016-04-08 22:39:13] EDIT test/views/default/index.html: 0
[2016-04-08 22:40:10] EDIT test/views/default/index.html: 0
[2016-04-08 22:40:17] EDIT test/views/default/index.html: 0
[2016-04-08 22:40:24] EDIT test/views/default/index.html: 0
[2016-04-08 22:41:34] EDIT test/views/default/index.html: 0
[2016-04-08 22:42:36] EDIT test/views/default/index.html: 0
[2016-04-08 22:42:40] EDIT test/views/default/index.html: -1
[2016-04-08 22:43:24] EDIT test/views/default/index.html: 0
[2016-04-08 22:43:46] EDIT test/views/default/index.html: 0
[2016-04-08 22:44:21] EDIT test/views/default/index.html: 1
[2016-04-08 22:44:44] EDIT test/views/default/index.html: 0
[2016-04-08 22:45:11] EDIT test/views/default/index.html: 0
[2016-04-08 22:45:35] EDIT test/views/default/index.html: 0
[2016-04-08 22:46:51] EDIT test/views/default/index.html: 0
[2016-04-08 22:48:08] EDIT test/views/default/index.html: 0
[2016-04-08 22:48:24] EDIT test/views/default/index.html: 0
[2016-04-08 22:48:31] EDIT test/views/default/index.html: 0
[2016-04-08 22:49:11] EDIT test/views/default/index.html: 0
[2016-04-08 22:49:17] EDIT test/views/default/index.html: 0
[2016-04-08 22:49:40] EDIT test/views/default/index.html: 0
[2016-04-08 22:52:04] EDIT test/views/default/index.html: 0
[2016-04-08 23:20:56] EDIT test/views/default/index.html: 0
[2016-04-08 23:21:05] EDIT test/views/default/index.html: 0
[2016-04-08 23:21:16] EDIT test/views/default/index.html: 0
[2016-04-08 23:21:22] EDIT test/views/default/index.html: 0
[2016-04-08 23:21:39] EDIT test/views/default/index.html: 0
[2016-04-08 23:22:07] EDIT test/views/default/index.html: 0
[2016-04-08 23:22:13] EDIT test/views/default/index.html: 0
[2016-04-08 23:22:30] EDIT test/views/default/index.html: 0
[2016-04-08 23:22:41] EDIT test/views/default/index.html: 0
[2016-04-08 23:24:34] EDIT test/views/default/index.html: 1
[2016-04-08 23:26:29] EDIT test/views/default/index.html: 0
[2016-04-08 23:26:38] EDIT test/views/default/index.html: 0
[2016-04-08 23:26:45] EDIT test/views/default/index.html: 0
[2016-04-08 23:26:54] EDIT test/views/default/index.html: 0
[2016-04-08 23:27:10] EDIT test/views/default/index.html: 0
[2016-04-08 23:27:48] EDIT test/views/default/index.html: 0
[2016-04-08 23:28:09] EDIT test/views/default/index.html: 0
[2016-04-08 23:28:22] EDIT test/views/default/index.html: 0
[2016-04-08 23:30:32] EDIT test/views/default/index.html: 0
[2016-04-08 23:31:28] EDIT test/views/default/index.html: 0
[2016-04-08 23:31:53] EDIT test/views/default/index.html: 0
[2016-04-08 23:32:13] EDIT test/views/default/index.html: 0
[2016-04-08 23:32:25] EDIT test/views/default/index.html: 0
[2016-04-08 23:32:41] EDIT test/views/default/index.html: 0
[2016-04-08 23:33:03] EDIT test/views/default/index.html: 0
[2016-04-08 23:33:12] EDIT test/views/default/index.html: 0
[2016-04-08 23:33:22] EDIT test/views/default/index.html: 0
[2016-04-08 23:33:34] EDIT test/views/default/index.html: 0
[2016-04-08 23:33:47] EDIT test/views/default/index.html: 0
[2016-04-08 23:33:54] EDIT test/views/default/index.html: 0
[2016-04-08 23:34:11] EDIT test/views/default/index.html: 0
[2016-04-08 23:34:55] EDIT test/views/default/index.html: 0
[2016-04-08 23:35:14] EDIT test/views/default/index.html: 0
[2016-04-08 23:35:26] EDIT test/views/default/index.html: 0
[2016-04-08 23:35:39] EDIT test/views/default/index.html: 0
[2016-04-08 23:35:47] EDIT test/views/default/index.html: 0
[2016-04-08 23:39:02] EDIT test/views/default/index.html: -27
[2016-04-08 23:41:25] EDIT test/views/default/index.html: 0
[2016-04-08 23:41:45] EDIT test/views/default/index.html: 0
[2016-04-08 23:41:55] EDIT test/views/default/index.html: 0
[2016-04-08 23:46:07] EDIT test/views/default/index.html: 0
[2016-04-08 23:46:33] EDIT test/views/default/index.html: 0
[2016-04-08 23:47:00] EDIT test/views/default/index.html: 0
[2016-04-08 23:47:18] EDIT test/views/default/index.html: 0
[2016-04-08 23:51:35] EDIT test/views/default/index.html: 0
[2016-04-08 23:51:53] EDIT test/views/default/index.html: 0
[2016-04-08 23:52:12] EDIT test/views/default/index.html: 0
[2016-04-08 23:52:35] EDIT test/views/default/index.html: 0
[2016-04-08 23:52:41] EDIT test/views/default/index.html: 0
[2016-04-08 23:53:16] EDIT test/views/default/index.html: 0
[2016-04-08 23:53:39] EDIT test/views/default/index.html: 0
[2016-04-08 23:53:48] EDIT test/views/default/index.html: 0
[2016-04-08 23:54:04] EDIT test/views/default/index.html: 0
[2016-04-08 23:54:39] EDIT test/views/default/index.html: 0
[2016-04-08 23:54:51] EDIT test/views/default/index.html: 0
[2016-04-08 23:55:27] EDIT test/views/default/index.html: 0
[2016-04-08 23:55:42] EDIT test/views/default/index.html: 0
[2016-04-08 23:55:57] EDIT test/views/default/index.html: 0
[2016-04-09 00:00:29] EDIT test/static/assets/mobirise/css/style.css: 1
[2016-04-09 00:00:41] EDIT test/static/assets/mobirise/css/style.css: 0
[2016-04-09 00:01:20] EDIT test/static/assets/mobirise/css/style.css: 0
[2016-04-09 00:01:50] EDIT test/static/assets/mobirise/css/style.css: 0
[2016-04-09 00:02:12] EDIT test/static/assets/mobirise/css/style.css: 0
[2016-04-09 00:02:23] EDIT test/static/assets/mobirise/css/style.css: 0
[2016-04-09 00:03:13] EDIT test/static/assets/mobirise/css/style.css: 0
[2016-04-09 00:05:33] EDIT test/static/assets/mobirise/css/style.css: 0
[2016-04-09 00:06:23] EDIT test/controllers/default.py: -1
[2016-04-09 00:07:36] EDIT test/views/default/index.html: 1
[2016-04-09 00:08:05] EDIT test/views/default/index.html: 0
[2016-04-09 00:08:17] EDIT test/views/default/index.html: 0
[2016-04-10 18:27:26] EDIT test/views/default/index.html: 0
[2016-04-10 18:27:38] EDIT test/views/default/index.html: 0
[2016-04-10 18:27:59] EDIT test/views/default/index.html: 0
[2016-04-10 18:28:26] EDIT test/views/default/index.html: 0
[2016-04-10 18:28:36] EDIT test/views/default/index.html: -1
[2016-04-10 18:28:54] EDIT test/views/default/index.html: 1
[2016-04-10 18:31:29] CREATE dbe.py: 0
[2016-04-10 18:31:34] EDIT test/models/dbe.py: 21
[2016-04-10 18:31:52] EDIT test/controllers/default.py: 9
[2016-04-10 18:35:26] CREATE default/create.html: 0
[2016-04-10 18:35:29] EDIT test/views/default/create.html: 245
[2016-04-10 18:35:48] EDIT test/views/default/create.html: -70
[2016-04-10 18:36:07] EDIT test/views/default/create.html: -52
[2016-04-10 18:38:39] EDIT test/views/default/create.html: 0
[2016-04-10 18:39:11] EDIT test/views/default/create.html: 0
[2016-04-10 18:39:18] EDIT test/views/default/create.html: 0
[2016-04-10 18:39:40] EDIT test/views/default/create.html: 0
[2016-04-10 18:40:57] EDIT test/views/default/create.html: 1
[2016-04-10 18:42:55] EDIT test/views/default/create.html: 9
[2016-04-10 18:43:17] EDIT test/views/default/create.html: 2
[2016-04-10 18:44:37] EDIT test/views/default/create.html: 1
[2016-04-10 18:45:08] EDIT test/views/default/create.html: 0
[2016-04-10 18:45:29] EDIT test/views/default/create.html: 0
[2016-04-10 18:45:44] EDIT test/views/default/create.html: 0
[2016-04-10 18:45:53] EDIT test/views/default/create.html: 0
[2016-04-10 18:46:19] EDIT test/views/default/create.html: 0
[2016-04-10 18:47:01] EDIT test/views/default/create.html: 0
[2016-04-10 18:47:20] EDIT test/views/default/create.html: -1
[2016-04-10 18:47:45] EDIT test/views/default/create.html: 0
[2016-04-10 18:47:59] EDIT test/views/default/create.html: -1
[2016-04-10 18:48:05] EDIT test/views/default/create.html: 0
[2016-04-10 18:48:42] EDIT test/views/default/create.html: -35
[2016-04-10 18:58:32] EDIT test/views/default/create.html: -9
[2016-04-10 19:03:13] EDIT test/controllers/default.py: 0
[2016-04-10 19:06:26] EDIT test/views/default/index.html: 0
[2016-04-10 19:08:07] EDIT test/models/dbe.py: -1
[2016-04-10 19:08:27] EDIT test/models/dbe.py: 0
[2016-04-10 19:17:45] EDIT test/controllers/default.py: 3
[2016-04-10 19:21:27] EDIT test/controllers/default.py: 1
[2016-04-12 21:27:41] EDIT test/controllers/default.py: 0
[2016-04-12 21:28:23] EDIT test/controllers/default.py: 0
[2016-04-12 21:28:51] EDIT test/controllers/default.py: 0
[2016-04-12 21:33:18] EDIT test/controllers/default.py: 0
[2016-04-12 21:33:41] EDIT test/controllers/default.py: 0
[2016-04-12 21:34:29] EDIT test/controllers/default.py: 0
[2016-04-12 21:34:46] EDIT test/controllers/default.py: 0
[2016-04-12 21:34:51] EDIT test/controllers/default.py: 0
[2016-04-12 21:37:04] EDIT test/controllers/default.py: 0
[2016-04-12 21:37:16] EDIT test/controllers/default.py: 0
[2016-04-12 21:37:25] EDIT test/controllers/default.py: 0
[2016-04-12 21:37:53] EDIT test/controllers/default.py: 0
[2016-04-12 21:38:12] EDIT test/controllers/default.py: 0
[2016-04-12 21:38:26] EDIT test/controllers/default.py: 0
[2016-04-12 21:39:36] EDIT test/controllers/default.py: 2
[2016-04-12 21:40:16] EDIT test/controllers/default.py: 0
[2016-04-12 21:40:33] EDIT test/controllers/default.py: 0
[2016-04-12 21:44:48] EDIT test/controllers/default.py: 0
[2016-04-12 21:53:52] EDIT test/controllers/default.py: 0
[2016-04-12 21:54:15] EDIT test/controllers/default.py: 0
[2016-04-12 21:54:41] EDIT test/controllers/default.py: 0
[2016-04-12 21:57:32] EDIT test/controllers/default.py: 0
[2016-04-12 21:58:31] EDIT test/controllers/default.py: 0
[2016-04-12 21:59:32] EDIT test/controllers/default.py: 0
[2016-04-12 21:59:33] EDIT test/controllers/default.py: 0
[2016-04-12 21:59:33] EDIT test/controllers/default.py: 0
[2016-04-12 21:59:33] EDIT test/controllers/default.py: 0
[2016-04-12 22:05:17] EDIT test/controllers/default.py: 0
[2016-04-12 22:05:26] EDIT test/controllers/default.py: 0
[2016-04-12 22:05:36] EDIT test/controllers/default.py: 0
[2016-04-12 22:06:29] EDIT test/controllers/default.py: 0
[2016-04-12 22:07:01] EDIT test/controllers/default.py: 0
[2016-04-12 22:07:07] EDIT test/controllers/default.py: 0
[2016-04-12 22:07:13] EDIT test/controllers/default.py: 0
[2016-04-12 22:07:54] EDIT test/controllers/default.py: 0
[2016-04-12 22:09:38] EDIT test/controllers/default.py: 0
[2016-04-12 22:09:41] EDIT test/controllers/default.py: 0
[2016-04-12 22:09:44] EDIT test/controllers/default.py: 0
[2016-04-12 22:10:05] EDIT test/controllers/default.py: 0
[2016-04-12 22:11:03] EDIT test/controllers/default.py: 0
[2016-04-12 22:53:41] EDIT test/controllers/default.py: 3
[2016-04-12 22:55:11] EDIT test/controllers/default.py: 0
[2016-04-12 22:57:31] EDIT test/controllers/default.py: 0
[2016-04-12 22:58:07] EDIT test/controllers/default.py: 0
[2016-04-12 22:58:54] EDIT test/controllers/default.py: 0
[2016-04-12 22:59:05] EDIT test/controllers/default.py: 0
[2016-04-12 23:01:32] EDIT test/models/dbe.py: 0
[2016-04-12 23:05:58] EDIT test/controllers/default.py: 0
[2016-04-12 23:06:16] EDIT test/controllers/default.py: 0
[2016-04-12 23:08:35] EDIT test/controllers/default.py: 0
[2016-04-12 23:10:14] EDIT test/controllers/default.py: 1
[2016-04-12 23:11:20] EDIT test/controllers/default.py: 0
[2016-04-12 23:11:33] EDIT test/controllers/default.py: 0
[2016-04-12 23:11:46] EDIT test/controllers/default.py: 0
[2016-04-12 23:14:08] EDIT test/controllers/default.py: 0
[2016-04-12 23:15:42] EDIT test/controllers/default.py: 0
[2016-04-12 23:15:51] EDIT test/controllers/default.py: 0
[2016-04-12 23:16:23] EDIT test/controllers/default.py: -2
[2016-04-12 23:16:40] CREATE default/politics.html: 0
[2016-04-12 23:16:48] EDIT test/views/default/politics.html: 0
[2016-04-12 23:17:19] EDIT test/views/default/politics.html: 0
[2016-04-12 23:17:29] EDIT test/views/default/politics.html: 0
[2016-04-12 23:17:42] EDIT test/views/default/politics.html: 1
[2016-04-12 23:20:18] EDIT test/models/dbe.py: 0
[2016-04-12 23:20:51] EDIT test/models/dbe.py: 0
[2016-04-12 23:23:40] EDIT test/models/dbe.py: 0
[2016-04-12 23:23:47] EDIT test/controllers/default.py: 0
[2016-04-12 23:23:53] EDIT test/controllers/default.py: 0
[2016-04-12 23:23:59] EDIT test/models/dbe.py: 0
[2016-04-12 23:24:35] EDIT test/controllers/default.py: 0
[2016-04-12 23:24:47] EDIT test/controllers/default.py: 0
[2016-04-12 23:27:54] EDIT test/models/dbe.py: 0
[2016-04-12 23:30:25] EDIT test/models/dbe.py: 1
[2016-04-12 23:31:19] EDIT test/views/default/politics.html: -3
[2016-04-12 23:32:47] EDIT test/views/default/politics.html: 1
[2016-04-12 23:33:32] EDIT test/views/default/politics.html: 2
[2016-04-13 00:08:31] EDIT test/views/default/politics.html: 0
[2016-04-13 00:08:44] EDIT test/views/default/politics.html: 1
[2016-04-13 00:09:13] EDIT test/views/default/politics.html: -1
[2016-04-13 00:12:45] EDIT test/views/default/politics.html: 2
[2016-04-13 00:13:32] EDIT test/views/default/politics.html: 15
[2016-04-18 22:28:23] EDIT test/views/default/politics.html: 1
[2016-04-18 22:28:42] EDIT test/controllers/default.py: 1
[2016-04-18 22:28:42] EDIT test/controllers/default.py: 0
[2016-04-18 22:28:42] EDIT test/controllers/default.py: 0
[2016-04-18 22:28:42] EDIT test/controllers/default.py: 0
[2016-04-18 22:28:49] EDIT test/views/default/politics.html: 0
[2016-04-18 22:28:53] EDIT test/views/default/politics.html: 0
[2016-04-18 22:30:55] EDIT test/views/default/politics.html: 2
[2016-04-18 22:31:10] EDIT test/views/default/politics.html: 0
[2016-04-18 22:31:44] EDIT test/views/default/politics.html: 0
[2016-04-18 22:31:57] EDIT test/views/default/politics.html: 1
[2016-04-18 22:32:45] EDIT test/views/default/politics.html: 2
[2016-04-18 22:32:45] EDIT test/views/default/politics.html: 0
[2016-04-18 22:32:46] EDIT test/views/default/politics.html: 0
[2016-04-18 22:32:58] EDIT test/views/default/politics.html: 1
[2016-04-18 22:32:59] EDIT test/views/default/politics.html: 0
[2016-04-18 22:48:28] EDIT test/controllers/default.py: 0
[2016-04-18 22:49:10] EDIT test/controllers/default.py: 0
[2016-04-18 22:49:10] EDIT test/controllers/default.py: 0
[2016-04-18 22:49:10] EDIT test/controllers/default.py: 0
[2016-04-18 22:50:20] EDIT test/controllers/default.py: 0
[2016-04-18 22:50:20] EDIT test/controllers/default.py: 0
[2016-04-18 22:50:20] EDIT test/controllers/default.py: 0
[2016-04-18 22:50:20] EDIT test/controllers/default.py: 0
[2016-04-18 22:50:43] EDIT test/controllers/default.py: 0
[2016-04-18 22:52:55] EDIT test/controllers/default.py: 2
[2016-04-18 22:53:36] EDIT test/views/default/index.html: 3
[2016-04-18 22:53:36] EDIT test/views/default/index.html: 0
[2016-04-18 22:53:36] EDIT test/views/default/index.html: 0
[2016-04-18 22:53:55] EDIT test/views/default/index.html: -3
[2016-04-18 22:53:56] EDIT test/views/default/index.html: 0
[2016-04-18 22:54:44] EDIT test/views/default/index.html: 2
[2016-04-18 22:54:44] EDIT test/views/default/index.html: 0
[2016-04-18 22:54:44] EDIT test/views/default/index.html: 0
[2016-04-18 22:57:50] EDIT test/controllers/default.py: 1
[2016-04-18 22:58:13] EDIT test/views/default/index.html: 1
[2016-04-18 22:58:13] EDIT test/views/default/index.html: 0
[2016-04-18 22:58:41] EDIT test/views/default/index.html: -1
[2016-04-18 22:58:53] EDIT test/views/default/index.html: -2
[2016-04-18 22:59:12] EDIT test/views/default/index.html: 3
[2016-04-18 22:59:27] EDIT test/views/default/index.html: -3
[2016-04-19 16:43:45] EDIT test/controllers/default.py: -3
[2016-04-19 17:04:09] EDIT test/controllers/default.py: 1
[2016-04-19 17:04:36] EDIT test/views/default/index.html: 1
[2016-04-19 17:05:23] EDIT test/views/default/index.html: 1
[2016-04-19 17:05:50] EDIT test/views/default/index.html: 0
[2016-04-19 17:07:18] EDIT test/views/default/index.html: 1
[2016-04-19 17:07:30] EDIT test/views/default/index.html: 0
[2016-04-19 17:10:34] EDIT test/models/dbe.py: 1
[2016-04-19 17:10:40] EDIT test/models/dbe.py: 0
[2016-04-19 17:15:50] EDIT test/models/dbe.py: 5
[2016-04-19 17:16:42] EDIT test/models/dbe.py: 1
[2016-04-19 17:24:37] EDIT test/views/default/index.html: 0
[2016-04-19 17:25:15] EDIT test/views/default/index.html: 0
[2016-04-19 17:25:45] EDIT test/views/default/index.html: 0
[2016-04-19 17:27:46] EDIT test/models/dbe.py: -6
[2016-04-19 17:28:16] EDIT test/models/dbe.py: 0
[2016-04-19 17:31:24] EDIT test/views/default/index.html: 0
[2016-04-19 17:31:47] EDIT test/views/default/index.html: 1
[2016-04-19 17:32:14] EDIT test/views/default/index.html: 0
[2016-04-19 17:32:17] EDIT test/views/default/index.html: -1
[2016-04-19 17:38:43] EDIT test/models/dbe.py: 1
[2016-04-19 17:56:43] EDIT test/controllers/default.py: 4
[2016-04-19 17:57:02] EDIT test/models/dbe.py: 0
[2016-04-19 17:57:24] EDIT test/controllers/default.py: 0
[2016-04-19 17:57:30] EDIT test/controllers/default.py: 0
[2016-04-19 17:57:36] EDIT test/controllers/default.py: 0
[2016-04-19 17:57:43] EDIT test/controllers/default.py: 0
[2016-04-19 17:59:14] EDIT test/controllers/default.py: 0
[2016-04-19 18:00:41] EDIT test/views/default/index.html: 0
[2016-04-19 18:03:22] EDIT test/views/default/index.html: 0
[2016-04-19 18:07:25] EDIT test/views/default/index.html: 1
[2016-04-19 18:08:05] EDIT test/views/default/index.html: 0
[2016-04-19 18:09:09] CREATE default/show.html: 0
[2016-04-19 18:22:46] EDIT test/views/default/show.html: 281
[2016-04-19 18:23:23] EDIT test/views/default/show.html: -9
[2016-04-19 18:29:02] EDIT test/views/default/show.html: 0
[2016-04-19 18:29:06] EDIT test/views/default/show.html: 0
[2016-04-19 18:29:14] EDIT test/views/default/show.html: 0
[2016-04-19 18:30:03] EDIT test/views/default/show.html: 0
[2016-04-19 18:30:59] EDIT test/views/default/show.html: -270
[2016-04-19 18:31:42] EDIT test/controllers/default.py: 0
[2016-04-19 18:32:00] EDIT test/views/default/show.html: 270
[2016-04-19 18:32:12] EDIT test/views/default/show.html: 0
[2016-04-21 19:25:42] EDIT test/models/dbe.py: 4
[2016-04-21 19:25:48] EDIT test/models/dbe.py: 1
[2016-04-21 19:25:49] EDIT test/models/dbe.py: 0
[2016-04-21 19:26:48] EDIT test/views/default/show.html: 0
[2016-04-21 19:31:07] EDIT test/models/dbe.py: 0
[2016-04-21 19:35:57] EDIT test/views/default/show.html: 0
[2016-04-21 19:36:07] EDIT test/views/default/show.html: 0
[2016-04-21 19:37:29] EDIT test/views/default/show.html: 0
[2016-04-21 19:39:19] EDIT test/views/default/show.html: 0
[2016-04-21 19:42:55] EDIT test/views/default/show.html: 0
[2016-04-21 19:57:16] EDIT test/views/default/show.html: 0
[2016-04-21 19:59:24] EDIT test/views/default/show.html: 0
[2016-04-21 20:00:17] EDIT test/views/default/show.html: 0
[2016-04-21 20:00:35] EDIT test/views/default/show.html: 0
[2016-04-21 20:00:56] EDIT test/views/default/show.html: 0
[2016-04-21 20:02:55] EDIT test/views/default/show.html: 0
[2016-04-21 20:03:09] EDIT test/views/default/show.html: 0
[2016-04-21 20:03:46] EDIT test/views/default/index.html: 0
[2016-04-21 20:04:04] EDIT test/views/default/show.html: 0
[2016-04-21 20:05:35] EDIT test/controllers/default.py: 0
[2016-04-21 20:05:41] EDIT test/models/dbe.py: 0
[2016-04-21 20:06:06] EDIT test/views/default/show.html: 0
[2016-04-21 20:07:05] EDIT test/views/default/show.html: 0
[2016-04-21 20:07:25] EDIT test/views/default/show.html: 0
[2016-04-21 20:08:57] EDIT test/controllers/default.py: 0
[2016-04-21 20:09:08] EDIT test/controllers/default.py: 0
[2016-04-21 20:09:12] EDIT test/controllers/default.py: 0
[2016-04-21 20:09:16] EDIT test/controllers/default.py: 0
[2016-04-21 20:09:37] EDIT test/controllers/default.py: -1
[2016-04-21 20:10:02] EDIT test/controllers/default.py: -1
[2016-04-21 20:10:13] EDIT test/controllers/default.py: -1
[2016-04-21 20:10:44] EDIT test/controllers/default.py: 1
[2016-04-21 20:10:46] EDIT test/controllers/default.py: -1
[2016-04-21 20:11:01] EDIT test/controllers/default.py: 0
[2016-04-21 20:11:13] EDIT test/controllers/default.py: 0
[2016-04-21 20:11:25] EDIT test/controllers/default.py: 0
[2016-04-21 20:11:43] EDIT test/controllers/default.py: 0
[2016-04-21 20:19:01] EDIT test/controllers/default.py: 0
[2016-04-21 20:19:35] EDIT test/controllers/default.py: 0
[2016-04-21 20:19:50] EDIT test/controllers/default.py: 0
[2016-04-21 20:20:06] EDIT test/controllers/default.py: 0
[2016-04-21 20:20:50] EDIT test/controllers/default.py: 1
[2016-04-21 20:20:55] EDIT test/controllers/default.py: 0
[2016-04-21 20:21:05] EDIT test/controllers/default.py: 0
[2016-04-21 20:21:21] EDIT test/controllers/default.py: -1
[2016-04-21 20:22:05] EDIT test/controllers/default.py: -1
[2016-04-21 20:22:29] EDIT test/controllers/default.py: 0
[2016-04-21 20:22:44] EDIT test/controllers/default.py: 0
[2016-04-21 20:24:40] EDIT test/controllers/default.py: 0
[2016-04-21 20:24:51] EDIT test/controllers/default.py: 0
[2016-04-21 20:24:52] EDIT test/controllers/default.py: 0
[2016-04-21 20:25:14] EDIT test/controllers/default.py: 1
[2016-04-21 20:25:16] EDIT test/controllers/default.py: -1
[2016-04-21 20:25:42] EDIT test/controllers/default.py: 1
[2016-04-21 20:26:17] EDIT test/controllers/default.py: 0
[2016-04-21 20:40:54] EDIT test/views/default/show.html: 0
[2016-04-21 20:44:53] EDIT test/views/default/show.html: 0
[2016-04-21 20:45:39] EDIT test/views/default/show.html: 0
[2016-04-21 20:48:01] EDIT test/views/default/show.html: 0
[2016-04-21 23:19:14] EDIT test/views/default/show.html: 0
[2016-04-21 23:19:33] EDIT test/views/default/show.html: 0
[2016-04-21 23:21:25] EDIT test/views/default/show.html: 0
[2016-04-21 23:22:30] EDIT test/controllers/default.py: 0
[2016-04-21 23:25:30] EDIT test/controllers/default.py: -1
[2016-04-21 23:25:45] EDIT test/controllers/default.py: 0
[2016-04-21 23:26:22] EDIT test/views/default/show.html: 0
[2016-04-21 23:26:58] EDIT test/views/default/show.html: 0
[2016-04-21 23:27:20] EDIT test/views/default/show.html: 0
[2016-04-21 23:27:44] EDIT test/views/default/show.html: 0
[2016-04-21 23:28:08] EDIT test/views/default/show.html: 0
[2016-04-21 23:29:20] EDIT test/views/default/show.html: 0
[2016-04-21 23:30:51] EDIT test/views/default/show.html: 0
[2016-04-21 23:31:28] EDIT test/views/default/show.html: 0
[2016-04-21 23:34:46] EDIT test/models/dbe.py: 0
[2016-04-21 23:34:52] EDIT test/models/dbe.py: 0
[2016-04-21 23:35:00] EDIT test/models/dbe.py: 0
[2016-04-21 23:35:07] EDIT test/models/dbe.py: 0
[2016-04-21 23:37:06] EDIT test/models/dbe.py: 1
[2016-04-21 23:37:08] EDIT test/models/dbe.py: 0
[2016-04-21 23:40:37] EDIT test/models/dbe.py: 0
[2016-04-21 23:45:10] EDIT test/models/dbe.py: 2
[2016-04-21 23:45:13] EDIT test/models/dbe.py: 0
[2016-04-21 23:56:02] EDIT test/models/dbe.py: 2
[2016-04-21 23:59:11] EDIT test/models/dbe.py: 1
[2016-04-21 23:59:40] EDIT test/models/dbe.py: 0
[2016-04-22 00:08:47] EDIT test/views/default/show.html: 5
[2016-04-22 00:09:15] EDIT test/views/default/show.html: 0
[2016-04-22 00:09:43] EDIT test/views/default/show.html: 0
[2016-04-22 00:09:49] EDIT test/views/default/show.html: 0
[2016-04-22 00:10:20] EDIT test/views/default/show.html: 0
[2016-04-22 00:10:27] EDIT test/views/default/show.html: 0
[2016-04-22 00:10:40] EDIT test/views/default/show.html: 0
[2016-04-22 00:10:49] EDIT test/views/default/show.html: 0
[2016-04-22 00:11:53] EDIT test/controllers/default.py: 1
[2016-04-22 00:11:57] EDIT test/controllers/default.py: 0
[2016-04-22 00:12:02] EDIT test/controllers/default.py: 0
[2016-04-22 00:12:49] EDIT test/controllers/default.py: 3
[2016-04-22 00:13:17] EDIT test/controllers/default.py: 0
[2016-04-22 00:14:19] EDIT test/views/default/show.html: 0
[2016-04-22 00:15:43] EDIT test/views/default/show.html: 0
[2016-04-22 00:17:10] EDIT test/views/default/show.html: 0
[2016-04-22 00:17:21] EDIT test/views/default/show.html: 0
[2016-04-22 00:18:22] EDIT test/views/default/show.html: 1
[2016-04-22 00:18:32] EDIT test/views/default/show.html: 0
[2016-04-22 00:18:51] EDIT test/views/default/show.html: 0
[2016-04-22 00:19:50] EDIT test/views/default/show.html: 0
[2016-04-22 00:20:17] EDIT test/views/default/show.html: 0
[2016-04-22 00:20:22] EDIT test/views/default/show.html: 0
[2016-04-22 00:21:08] EDIT test/views/default/show.html: 1
[2016-04-22 00:21:43] EDIT test/views/default/show.html: 0
[2016-04-22 00:24:22] EDIT test/views/default/show.html: 0
[2016-04-22 00:27:48] EDIT test/models/dbe.py: 1
[2016-04-22 00:28:33] EDIT test/views/default/show.html: 0
[2016-04-22 00:28:43] EDIT test/models/dbe.py: -1
[2016-04-22 00:29:12] EDIT test/views/default/show.html: 0
[2016-04-22 00:29:40] EDIT test/views/default/show.html: 0
[2016-04-22 00:30:06] EDIT test/controllers/default.py: 0
[2016-04-22 00:30:12] EDIT test/views/default/show.html: 0
[2016-04-22 00:30:45] EDIT test/controllers/default.py: 0
[2016-04-22 00:32:35] EDIT test/views/default/show.html: 0
[2016-04-22 00:33:34] EDIT test/controllers/default.py: 0
[2016-04-22 00:34:32] EDIT test/views/default/show.html: 0
[2016-04-22 00:35:06] EDIT test/views/default/show.html: 0
[2016-04-22 00:36:32] EDIT test/views/default/show.html: -10
[2016-04-22 00:37:05] EDIT test/views/default/show.html: 0
[2016-04-22 00:38:08] EDIT test/views/default/show.html: 0
[2016-04-22 00:38:25] EDIT test/views/default/show.html: 0
[2016-04-22 00:39:05] EDIT test/views/default/show.html: 0
[2016-04-22 00:40:34] EDIT test/views/default/show.html: 0
[2016-04-22 00:41:05] EDIT test/views/default/show.html: 0
[2016-04-22 00:41:41] EDIT test/views/default/show.html: -10
[2016-04-22 00:41:52] EDIT test/views/default/show.html: 0
[2016-04-22 00:42:26] EDIT test/views/default/show.html: 0
[2016-04-22 00:48:13] EDIT test/views/default/show.html: 0
[2016-04-22 00:49:11] EDIT test/views/default/show.html: 0
[2016-04-22 00:50:19] EDIT test/views/default/show.html: 0
[2016-04-22 00:50:31] EDIT test/views/default/show.html: 0
[2016-04-22 00:51:22] EDIT test/views/default/show.html: 0
[2016-04-22 00:52:16] EDIT test/views/default/show.html: 0
[2016-04-22 00:52:27] EDIT test/views/default/show.html: 0
[2016-04-22 00:53:13] EDIT test/views/default/show.html: 0
[2016-04-22 00:53:21] EDIT test/views/default/show.html: 0
[2016-04-22 00:53:34] EDIT test/views/default/show.html: 0
[2016-04-22 00:55:41] EDIT test/views/default/show.html: 0
[2016-04-22 00:56:44] EDIT test/views/default/show.html: 0
[2016-04-22 01:03:24] EDIT test/views/default/index.html: 0
[2016-04-22 01:05:19] EDIT test/views/default/index.html: 0
[2016-04-22 01:07:44] EDIT test/controllers/default.py: 2
[2016-04-22 01:07:55] CREATE default/register.html: 0
[2016-04-22 01:08:24] EDIT test/views/default/register.html: 636
[2016-04-22 01:08:49] EDIT test/views/default/register.html: 0
[2016-04-22 01:08:53] EDIT test/controllers/default.py: 0
[2016-04-22 01:10:01] EDIT test/views/default/register.html: -618
[2016-04-22 01:11:31] EDIT test/controllers/default.py: 1
[2016-04-22 01:11:49] EDIT test/views/default/register.html: 618
[2016-04-22 01:12:13] EDIT test/controllers/default.py: -1
[2016-04-22 01:12:38] CREATE default/user/register.html: 0
[2016-04-22 01:12:47] EDIT test/views/default/user/register.html: 0
[2016-04-22 01:13:01] EDIT test/views/default/user/register.html: 636
[2016-04-22 01:15:00] EDIT test/views/default/show.html: 0
[2016-04-22 01:15:16] EDIT test/views/default/show.html: 0
[2016-04-22 01:15:38] EDIT test/views/default/show.html: 0
[2016-04-22 01:17:00] CREATE default/ctemp.html: 0
[2016-04-22 01:17:19] EDIT test/controllers/default.py: 10
[2016-04-22 01:17:28] EDIT test/controllers/default.py: -1
[2016-04-22 01:17:40] EDIT test/views/default/ctemp.html: 636
[2016-04-22 01:18:33] EDIT test/views/default/ctemp.html: 0
[2016-04-22 01:18:38] EDIT test/views/default/ctemp.html: 0
[2016-04-22 01:18:44] EDIT test/views/default/ctemp.html: 0
[2016-04-22 01:18:49] EDIT test/views/default/ctemp.html: 0
[2016-04-22 01:18:55] EDIT test/views/default/ctemp.html: 0
[2016-04-22 01:18:57] EDIT test/views/default/ctemp.html: 0
[2016-04-22 01:19:00] EDIT test/views/default/ctemp.html: 0
[2016-04-22 01:19:03] EDIT test/views/default/ctemp.html: 0
[2016-04-22 01:19:06] EDIT test/views/default/ctemp.html: 0
[2016-04-22 01:19:12] EDIT test/views/default/ctemp.html: 0
[2016-04-22 01:19:33] EDIT test/views/default/ctemp.html: 0
[2016-04-22 01:19:38] EDIT test/views/default/ctemp.html: 0
[2016-04-22 01:19:41] EDIT test/views/default/ctemp.html: 0
[2016-04-22 01:19:44] EDIT test/views/default/ctemp.html: 0
[2016-04-22 01:19:47] EDIT test/views/default/ctemp.html: 0
[2016-04-22 01:19:50] EDIT test/views/default/ctemp.html: 0
[2016-04-22 01:20:02] EDIT test/views/default/ctemp.html: 0
[2016-04-22 01:20:06] EDIT test/views/default/ctemp.html: 0
[2016-04-22 01:20:17] EDIT test/views/default/ctemp.html: 0
[2016-04-22 01:20:23] EDIT test/views/default/ctemp.html: 0
[2016-04-22 01:20:55] EDIT test/views/default/ctemp.html: 0
[2016-04-22 01:21:02] EDIT test/views/default/ctemp.html: 0
[2016-04-22 01:22:01] EDIT test/views/default/ctemp.html: 0
[2016-04-22 01:22:32] EDIT test/views/default/ctemp.html: 0
[2016-04-22 01:22:42] EDIT test/views/default/ctemp.html: 0
[2016-04-22 01:22:46] EDIT test/views/default/ctemp.html: 0
[2016-04-22 01:22:49] EDIT test/views/default/ctemp.html: 0
[2016-04-22 01:23:00] EDIT test/views/default/ctemp.html: 0
[2016-04-22 01:23:02] EDIT test/views/default/ctemp.html: 0
[2016-04-22 01:23:05] EDIT test/views/default/ctemp.html: 0
[2016-04-22 01:23:09] EDIT test/views/default/ctemp.html: 0
[2016-04-22 01:23:24] EDIT test/views/default/ctemp.html: 0
[2016-04-22 01:24:19] EDIT test/views/default/ctemp.html: 0
[2016-04-22 01:24:38] EDIT test/views/default/ctemp.html: 0
[2016-04-22 01:24:56] EDIT test/views/default/ctemp.html: 0
[2016-04-22 01:25:20] EDIT test/views/default/ctemp.html: 0
[2016-04-22 01:25:35] EDIT test/views/default/ctemp.html: 0
[2016-04-22 01:26:43] EDIT test/views/default/ctemp.html: -1
[2016-04-22 01:27:14] EDIT test/views/default/ctemp.html: 1
[2016-04-22 01:27:18] EDIT test/views/default/ctemp.html: 0
[2016-04-22 01:27:27] EDIT test/views/default/ctemp.html: 0
[2016-04-22 01:28:20] EDIT test/views/default/ctemp.html: 0
[2016-04-22 01:28:50] EDIT test/views/default/ctemp.html: 0
[2016-04-22 01:28:58] EDIT test/views/default/ctemp.html: 0
[2016-04-22 01:29:17] EDIT test/views/default/ctemp.html: 0
[2016-04-22 01:29:28] EDIT test/views/default/ctemp.html: 0
[2016-04-22 01:32:31] EDIT test/views/default/ctemp.html: 0
[2016-04-22 01:32:42] EDIT test/views/default/ctemp.html: 0
[2016-04-22 01:32:58] EDIT test/views/default/ctemp.html: 0
[2016-04-22 01:33:19] EDIT test/views/default/ctemp.html: 0
[2016-04-22 01:33:48] EDIT test/views/default/ctemp.html: 1
[2016-04-22 01:34:30] EDIT test/views/default/ctemp.html: -564
[2016-04-22 01:36:47] EDIT test/views/default/create.html: -17
[2016-04-22 01:38:24] EDIT test/controllers/default.py: -9
[2016-04-22 01:41:10] EDIT test/controllers/default.py: -2
[2016-04-22 01:41:30] EDIT test/views/default/index.html: 0
[2016-04-22 01:43:53] EDIT test/views/default/create.html: 0
[2016-04-22 01:44:07] EDIT test/views/default/create.html: 0
[2016-04-22 01:44:48] EDIT test/views/default/create.html: 0
[2016-04-22 02:04:04] EDIT test/views/default/create.html: 0
[2016-04-22 02:04:48] EDIT test/views/default/create.html: -9
[2016-04-22 02:07:39] EDIT test/views/default/create.html: 0
[2016-04-22 02:08:22] EDIT test/views/default/create.html: 0
[2016-04-22 02:08:48] EDIT test/views/default/create.html: 1
[2016-04-22 02:09:10] EDIT test/views/default/create.html: -1
[2016-04-22 02:10:42] EDIT test/views/default/create.html: 0
[2016-04-22 02:12:27] EDIT test/views/default/create.html: 0
[2016-04-22 02:22:04] EDIT test/views/default/show.html: 0
[2016-04-22 02:22:46] EDIT test/views/default/create.html: 0
[2016-04-22 02:23:21] EDIT test/views/default/create.html: 0
[2016-04-22 02:23:31] EDIT test/views/default/create.html: 0
[2016-04-22 02:23:47] EDIT test/views/default/create.html: 0
[2016-04-22 02:24:36] EDIT test/views/default/show.html: 0
[2016-04-22 02:25:38] EDIT test/views/default/show.html: 0
[2016-04-22 02:26:05] EDIT test/views/default/create.html: 0
[2016-04-22 17:19:00] EDIT test/views/default/create.html: 0
[2016-04-22 17:19:09] EDIT test/views/default/create.html: 0
[2016-04-22 17:19:21] EDIT test/views/default/create.html: 0
[2016-04-22 17:19:30] EDIT test/views/default/create.html: 0
[2016-04-23 23:37:52] EDIT test/views/default/create.html: -1
[2016-04-24 21:14:45] EDIT test/views/default/show.html: 0
[2016-04-24 21:14:56] EDIT test/views/default/show.html: 0
[2016-04-24 21:16:17] EDIT test/controllers/default.py: 30
[2016-04-24 21:16:31] EDIT test/views/default/user.html: 222
[2016-04-24 21:17:33] EDIT test/controllers/default.py: 0
[2016-04-24 21:17:47] EDIT test/views/default/show.html: 0
[2016-04-24 21:18:06] EDIT test/views/default/show.html: 0
[2016-04-24 21:18:20] EDIT test/views/default/show.html: 0
[2016-04-24 21:19:09] EDIT test/views/default/user.html: -186
[2016-04-24 21:19:40] EDIT test/views/default/user.html: 17
[2016-04-24 21:20:17] EDIT test/views/default/user.html: 8
[2016-04-24 21:20:21] EDIT test/controllers/default.py: -30
[2016-04-24 21:21:37] EDIT test/views/default/user.html: 0
[2016-04-24 21:22:05] EDIT test/views/default/user.html: -8
[2016-04-24 21:22:11] EDIT test/views/default/user.html: 8
[2016-04-24 21:25:59] EDIT test/views/default/user.html: -3
[2016-04-24 21:26:09] EDIT test/views/default/user.html: 3
[2016-04-24 21:26:23] EDIT test/views/default/user.html: -2
[2016-04-24 21:26:32] EDIT test/views/default/user.html: 2
[2016-04-24 21:26:38] EDIT test/views/default/user.html: -1
[2016-04-24 21:26:45] EDIT test/views/default/user.html: 1
[2016-04-24 21:26:55] EDIT test/views/default/user.html: -5
[2016-04-24 21:27:59] EDIT test/views/default/user.html: 0
[2016-04-24 21:28:35] EDIT test/views/default/user.html: 0
[2016-04-24 21:28:43] EDIT test/views/default/user.html: 0
[2016-04-24 21:28:49] EDIT test/views/default/user.html: 0
[2016-04-24 21:29:12] EDIT test/views/default/user.html: 0
[2016-04-24 21:29:28] EDIT test/views/default/user.html: 0
[2016-04-24 21:29:41] EDIT test/views/default/user.html: 0
[2016-04-24 21:29:53] EDIT test/views/default/user.html: 0
[2016-04-24 21:30:16] EDIT test/views/default/user.html: -2
[2016-04-24 21:30:25] EDIT test/views/default/user.html: 2
[2016-04-24 21:32:08] EDIT test/views/default/user.html: 1
[2016-04-24 21:32:25] EDIT test/views/default/user.html: 0
[2016-04-24 21:33:03] EDIT test/views/default/user.html: 0
[2016-04-24 21:33:10] EDIT test/views/default/user.html: 0
[2016-04-24 21:33:33] EDIT test/views/default/user.html: 0
[2016-04-24 21:33:49] EDIT test/views/default/user.html: 0
[2016-04-24 21:34:15] EDIT test/views/default/user.html: 0
[2016-04-24 21:36:08] EDIT test/views/default/user.html: 0
[2016-04-24 21:38:30] EDIT test/views/default/user.html: 0
[2016-04-24 21:39:04] EDIT test/views/default/user.html: 0
[2016-04-24 21:39:14] EDIT test/views/default/user.html: 0
[2016-04-24 21:39:21] EDIT test/views/default/user.html: 0
[2016-04-24 21:40:39] EDIT test/views/default/index.html: 0
[2016-04-24 21:41:02] EDIT test/views/default/index.html: 0
[2016-04-24 21:41:36] EDIT test/views/default/user.html: 0
[2016-04-24 21:41:53] EDIT test/views/default/user.html: 0
[2016-04-24 21:42:25] EDIT test/views/default/user.html: 0
[2016-04-24 21:48:57] EDIT test/views/default/user.html: 0
[2016-04-24 21:49:34] EDIT test/views/default/user.html: 0
[2016-04-24 21:50:27] EDIT test/views/default/user.html: 0
[2016-04-24 21:50:47] EDIT test/views/default/user.html: 0
[2016-04-24 21:51:05] EDIT test/views/default/user.html: 0
[2016-04-24 21:51:06] EDIT test/views/default/user.html: 0
[2016-04-24 21:51:45] EDIT test/views/default/user.html: 0
[2016-04-24 21:53:01] EDIT test/views/default/user.html: 0
[2016-04-24 21:56:31] EDIT test/views/default/user.html: 1
[2016-04-24 21:56:43] EDIT test/views/default/user.html: 0
[2016-04-24 21:56:54] EDIT test/views/default/user.html: 0
[2016-04-24 21:57:03] EDIT test/views/default/user.html: -1
[2016-04-24 21:59:01] EDIT test/views/default/index.html: 0
[2016-04-24 21:59:19] EDIT test/views/default/index.html: 0
[2016-04-24 21:59:45] EDIT test/views/default/index.html: 0
[2016-04-24 22:01:16] EDIT test/views/default/index.html: 0
[2016-04-24 22:01:39] EDIT test/views/default/index.html: 0
[2016-04-24 22:02:02] EDIT test/views/default/index.html: 0
[2016-04-24 22:02:51] EDIT test/views/default/user.html: 0
[2016-04-24 22:03:08] EDIT test/views/default/user.html: 0
[2016-04-25 02:15:38] EDIT test/views/default/index.html: 0
[2016-04-25 02:16:06] EDIT test/views/default/index.html: 0
[2016-04-25 02:17:22] EDIT test/views/default/user.html: 0
[2016-04-25 02:17:33] EDIT test/views/default/user.html: 0
[2016-04-25 02:45:17] EDIT test/views/default/index.html: 0
[2016-04-25 02:45:40] EDIT test/views/default/index.html: 0
[2016-04-25 02:46:44] EDIT test/views/default/index.html: 0
[2016-04-25 02:51:01] EDIT test/views/default/user.html: 0
[2016-04-25 02:51:09] EDIT test/views/default/user.html: 0
[2016-04-25 02:51:21] EDIT test/views/default/user.html: 0
[2016-04-25 02:55:32] EDIT test/views/default/user.html: 1
[2016-04-25 02:55:40] EDIT test/views/default/user.html: -1
[2016-04-25 02:56:16] EDIT test/views/default/user.html: 1
[2016-04-25 02:56:48] EDIT test/views/default/user.html: 0
[2016-04-25 02:57:37] EDIT test/views/default/user.html: 0
[2016-04-25 02:58:03] EDIT test/views/default/user.html: 0
[2016-04-25 02:58:14] EDIT test/views/default/user.html: -1
[2016-04-25 02:58:29] EDIT test/views/default/user.html: 0
[2016-04-28 12:35:02] EDIT test/controllers/default.py: 3
[2016-04-28 12:41:14] EDIT test/views/default/index.html: 0
[2016-04-28 12:44:21] EDIT test/views/default/index.html: 0
[2016-04-28 12:46:58] EDIT test/views/default/index.html: 14
[2016-04-28 12:47:22] EDIT test/views/default/index.html: 0
[2016-04-28 12:47:36] EDIT test/views/default/index.html: 0
[2016-04-28 12:48:03] EDIT test/views/default/index.html: 0
[2016-04-28 12:53:02] EDIT test/views/default/index.html: 0
[2016-04-28 12:53:12] EDIT test/views/default/index.html: 0
[2016-04-28 12:58:34] EDIT test/views/default/index.html: 0
[2016-04-28 12:58:44] EDIT test/views/default/index.html: 0
[2016-04-28 12:58:54] EDIT test/views/default/index.html: 0
[2016-04-28 12:59:13] EDIT test/views/default/index.html: 0
[2016-04-28 13:02:17] EDIT test/controllers/default.py: 4
[2016-04-28 13:03:37] EDIT test/controllers/default.py: 12
[2016-04-28 13:22:13] CREATE entertainment.html: 0
[2016-04-28 13:22:20] CREATE sports.html: 0
[2016-04-28 13:22:52] DELETE test/views/entertainment.html: -3
[2016-04-28 13:22:57] DELETE test/views/sports.html: -3
[2016-04-28 13:23:29] CREATE default/entertainment.html: 0
[2016-04-28 13:23:35] CREATE default/sports.html: 0
[2016-04-28 13:23:56] CREATE default/business.html: 0
[2016-04-28 13:24:06] CREATE default/technology.html: 0
[2016-04-28 13:28:13] EDIT test/views/default/politics.html: 168
[2016-04-28 13:28:37] EDIT test/views/default/politics.html: 0
[2016-04-28 13:29:42] EDIT test/views/default/entertainment.html: 193
[2016-04-28 13:30:52] EDIT test/views/default/sports.html: 193
[2016-04-28 13:44:47] CREATE default/myposts.html: 0
[2016-04-28 13:44:55] EDIT test/controllers/default.py: 0
[2016-04-28 13:45:01] EDIT test/views/default/myposts.html: 193
[2016-04-28 13:45:16] EDIT test/views/default/myposts.html: 0
[2016-04-28 13:45:54] EDIT test/views/default/myposts.html: -52
[2016-04-28 13:47:29] EDIT test/views/default/myposts.html: -1
[2016-04-28 13:47:36] EDIT test/views/default/index.html: -1
[2016-04-28 13:56:55] EDIT test/views/default/index.html: 0
[2016-04-28 13:57:37] EDIT test/views/default/index.html: 0
[2016-04-28 13:59:50] EDIT test/views/default/index.html: 0
[2016-04-28 13:59:58] EDIT test/views/default/index.html: 0
[2016-04-28 14:00:20] EDIT test/views/default/politics.html: 0
[2016-04-28 14:00:24] EDIT test/views/default/politics.html: 0
[2016-04-28 14:04:20] EDIT test/views/default/politics.html: 0
[2016-04-28 14:04:43] EDIT test/views/default/entertainment.html: 0
[2016-04-28 14:04:47] EDIT test/views/default/entertainment.html: 0
[2016-04-28 14:04:55] EDIT test/views/default/entertainment.html: 0
[2016-04-28 14:05:13] EDIT test/views/default/sports.html: -1
[2016-04-28 14:05:19] EDIT test/views/default/sports.html: 0
[2016-04-28 14:05:23] EDIT test/views/default/sports.html: 0
[2016-04-28 14:05:31] EDIT test/views/default/sports.html: 0
[2016-04-28 14:07:04] EDIT test/views/default/technology.html: 192
[2016-04-28 14:07:26] EDIT test/views/default/technology.html: 0
[2016-04-28 14:11:44] EDIT test/views/default/index.html: 0
[2016-04-28 14:13:14] EDIT test/views/default/technology.html: 0
[2016-04-28 14:13:25] EDIT test/views/default/myposts.html: 0
[2016-04-28 14:13:31] EDIT test/views/default/myposts.html: 0
[2016-04-28 14:13:38] EDIT test/views/default/myposts.html: 0
[2016-04-28 14:13:48] EDIT test/views/default/myposts.html: 0
[2016-04-28 14:14:01] EDIT test/views/default/myposts.html: 0
[2016-04-28 14:15:56] EDIT test/views/default/myposts.html: 0
[2016-04-28 14:16:05] EDIT test/views/default/sports.html: 0
[2016-04-28 14:16:11] EDIT test/views/default/sports.html: 0
[2016-04-28 15:36:50] EDIT test/views/default/entertainment.html: 0
[2016-04-28 15:37:09] EDIT test/views/default/create.html: 0
[2016-04-28 15:37:20] EDIT test/views/default/create.html: 0
[2016-04-28 15:37:24] EDIT test/views/default/create.html: 0
[2016-04-28 15:37:44] EDIT test/views/default/create.html: 0
[2016-04-28 15:38:49] EDIT test/views/default/politics.html: 0
[2016-04-28 15:38:55] EDIT test/views/default/politics.html: 0
[2016-04-28 15:39:43] EDIT test/views/default/show.html: 0
[2016-04-28 15:40:01] EDIT test/views/default/show.html: 0
[2016-04-28 15:40:24] EDIT test/views/default/user.html: 0
[2016-04-28 15:40:28] EDIT test/views/default/user.html: 0
[2016-04-28 15:40:41] EDIT test/views/default/user.html: 0
[2016-04-28 15:41:46] EDIT test/views/default/show.html: 0
[2016-04-28 15:42:45] EDIT test/views/default/business.html: 193
[2016-04-28 15:44:11] EDIT test/views/default/user.html: 0
[2016-04-28 15:45:43] EDIT test/views/default/user.html: 0
[2016-04-28 15:46:04] EDIT test/views/default/entertainment.html: 0
[2016-04-28 15:46:12] EDIT test/views/default/create.html: 0
[2016-04-28 15:46:27] EDIT test/views/default/business.html: 0
[2016-04-28 15:46:33] EDIT test/views/default/myposts.html: 0
[2016-04-28 15:46:39] EDIT test/views/default/politics.html: 0
[2016-04-28 15:46:47] EDIT test/views/default/show.html: 0
[2016-04-28 15:46:52] EDIT test/views/default/sports.html: 0
[2016-04-28 15:46:58] EDIT test/views/default/technology.html: 0
[2016-04-28 15:47:16] EDIT test/views/default/index.html: 0
[2016-04-28 15:49:40] EDIT test/views/default/myposts.html: -1
[2016-04-28 15:50:44] EDIT test/controllers/default.py: 1
[2016-04-28 15:52:08] EDIT test/views/default/index.html: 0
[2016-04-28 15:52:27] EDIT test/views/default/index.html: 0
[2016-04-28 15:52:34] EDIT test/views/default/index.html: 0
[2016-04-28 15:53:18] EDIT test/views/default/index.html: 0
[2016-04-28 15:54:43] EDIT test/views/default/myposts.html: 0
[2016-04-28 15:54:56] EDIT test/views/default/index.html: 0
[2016-04-28 15:56:01] EDIT test/views/default/index.html: 0
[2016-04-28 15:57:42] EDIT test/views/default/index.html: 0
[2016-04-28 15:57:54] EDIT test/views/default/user.html: 0
[2016-04-28 15:58:55] EDIT test/views/default/technology.html: 0
[2016-04-28 15:59:00] EDIT test/views/default/sports.html: 0
[2016-04-28 15:59:12] EDIT test/views/default/show.html: 0
[2016-04-28 15:59:17] EDIT test/views/default/politics.html: 0
[2016-04-28 15:59:26] EDIT test/views/default/myposts.html: 0
[2016-04-28 15:59:35] EDIT test/views/default/create.html: 0
[2016-04-28 16:00:14] EDIT test/views/default/myposts.html: 0
[2016-04-28 16:00:47] EDIT test/views/default/myposts.html: 9
[2016-04-28 16:01:15] EDIT test/views/default/myposts.html: 0
[2016-04-28 16:01:25] EDIT test/views/default/myposts.html: 0
[2016-04-28 16:01:28] EDIT test/views/default/myposts.html: 0
[2016-04-28 16:01:34] EDIT test/views/default/myposts.html: 0
[2016-04-28 16:02:51] EDIT test/views/default/show.html: 0
[2016-04-28 16:03:35] EDIT test/views/default/show.html: 0
[2016-04-28 16:03:50] EDIT test/views/default/show.html: -1
[2016-04-28 16:06:02] EDIT test/controllers/default.py: 0
[2016-04-28 16:06:15] EDIT test/controllers/default.py: 2
[2016-04-28 16:11:12] EDIT test/controllers/default.py: 6
[2016-04-28 16:12:04] EDIT test/controllers/default.py: 7
[2016-04-28 16:19:10] EDIT test/models/dbe.py: 3
[2016-04-28 16:20:03] EDIT test/models/dbe.py: 2
[2016-04-28 16:20:25] EDIT test/models/dbe.py: 0
[2016-04-28 16:23:05] EDIT test/views/default/index.html: 1
[2016-04-28 16:26:51] EDIT test/controllers/default.py: 0
[2016-04-28 16:28:02] EDIT test/views/default/index.html: 0
[2016-04-28 16:28:46] EDIT test/views/default/index.html: 3
[2016-04-28 16:29:03] EDIT test/views/default/index.html: 2
[2016-04-28 16:29:24] EDIT test/views/default/index.html: 0
[2016-04-28 16:30:10] EDIT test/controllers/default.py: 0
[2016-04-28 16:32:49] EDIT test/models/dbe.py: 0
[2016-04-28 16:33:54] EDIT test/controllers/default.py: 1
[2016-04-28 16:34:55] EDIT test/controllers/default.py: 4
[2016-04-28 16:35:48] EDIT test/views/default/index.html: 0
[2016-04-28 16:44:28] EDIT test/views/default/index.html: 1
[2016-04-28 16:50:26] EDIT test/views/default/index.html: -9
[2016-04-28 16:50:53] EDIT test/views/default/index.html: 22
[2016-04-28 16:53:42] EDIT test/views/default/index.html: 3
[2016-04-28 16:53:53] EDIT test/views/default/index.html: -3
[2016-04-28 16:54:37] EDIT test/views/default/index.html: 9
[2016-04-28 16:54:53] EDIT test/views/default/index.html: 0
[2016-04-28 16:55:12] EDIT test/views/default/index.html: 0
[2016-04-28 16:55:45] EDIT test/views/default/index.html: 0
[2016-04-28 16:55:53] EDIT test/views/default/index.html: 0
[2016-04-28 16:56:11] EDIT test/views/default/index.html: -11
[2016-04-28 16:56:33] EDIT test/views/default/index.html: 0
[2016-04-28 16:57:08] EDIT test/views/default/index.html: 3
[2016-04-28 16:57:23] EDIT test/views/default/index.html: 0
[2016-04-28 17:01:18] EDIT test/views/default/index.html: -3
[2016-04-28 17:02:59] EDIT test/controllers/default.py: 0
[2016-04-28 17:03:16] EDIT test/controllers/default.py: 0
[2016-04-28 17:03:34] EDIT test/controllers/default.py: 0
[2016-04-28 17:12:12] EDIT test/controllers/default.py: 0
[2016-04-28 17:14:21] EDIT test/views/default/index.html: 0
[2016-04-28 17:14:27] EDIT test/views/default/index.html: 0
[2016-04-28 17:14:37] EDIT test/views/default/index.html: -22
[2016-04-28 17:28:36] EDIT test/controllers/default.py: -4
[2016-04-28 17:28:57] EDIT test/controllers/default.py: 0
[2016-04-28 17:30:05] EDIT test/controllers/default.py: 1
[2016-04-28 17:32:40] EDIT test/controllers/default.py: 2
[2016-04-28 17:32:53] EDIT test/controllers/default.py: 0
[2016-04-28 17:34:10] EDIT test/views/default/index.html: 0
[2016-04-28 17:37:14] EDIT test/views/default/index.html: 0
[2016-04-28 17:38:15] EDIT test/views/default/index.html: -1
[2016-04-28 17:38:26] EDIT test/views/default/index.html: 1
[2016-04-28 17:38:32] EDIT test/views/default/index.html: 0
[2016-04-28 17:38:55] EDIT test/views/default/index.html: 0
[2016-04-28 17:39:20] EDIT test/views/default/index.html: 0
[2016-04-28 17:40:07] EDIT test/views/default/index.html: 0
[2016-04-28 17:40:16] EDIT test/views/default/index.html: 0
[2016-04-28 17:40:28] EDIT test/views/default/index.html: 0
[2016-04-28 17:40:41] EDIT test/views/default/index.html: 0
[2016-04-28 17:42:32] EDIT test/controllers/default.py: 0
[2016-04-28 17:43:16] EDIT test/views/default/index.html: 0
[2016-04-28 17:43:48] EDIT test/views/default/index.html: 3
[2016-04-28 17:44:02] EDIT test/views/default/index.html: 0
[2016-04-28 17:44:10] EDIT test/views/default/index.html: -3
[2016-04-28 17:44:23] EDIT test/views/default/index.html: 0
[2016-04-28 17:44:39] EDIT test/views/default/index.html: 0
[2016-04-28 17:45:02] EDIT test/views/default/index.html: 0
[2016-04-28 17:45:20] EDIT test/views/default/index.html: 0
[2016-04-28 17:48:34] EDIT test/controllers/default.py: 7
[2016-04-28 17:48:47] EDIT test/controllers/default.py: 0
[2016-04-28 17:49:25] EDIT test/controllers/default.py: 0
[2016-04-28 17:50:02] EDIT test/controllers/default.py: 0
[2016-04-28 17:50:15] EDIT test/controllers/default.py: 0
[2016-04-28 17:50:24] EDIT test/controllers/default.py: 0
[2016-04-28 17:50:29] EDIT test/controllers/default.py: 0
[2016-04-28 17:51:25] EDIT test/controllers/default.py: -7
[2016-04-28 17:52:03] EDIT test/controllers/default.py: 6
[2016-04-28 17:52:09] EDIT test/controllers/default.py: 0
[2016-04-28 17:53:35] EDIT test/views/default/politics.html: 3
[2016-04-28 17:55:48] EDIT test/views/default/politics.html: 0
[2016-04-28 17:57:57] EDIT test/controllers/default.py: 0
[2016-04-28 17:58:42] EDIT test/views/default/politics.html: 0
[2016-04-28 17:59:01] EDIT test/views/default/politics.html: 0
[2016-04-28 17:59:18] EDIT test/controllers/default.py: 0
[2016-04-28 17:59:56] EDIT test/controllers/default.py: 2
[2016-04-28 18:00:33] EDIT test/controllers/default.py: 6
[2016-04-28 18:00:48] EDIT test/controllers/default.py: 2
[2016-04-28 18:01:14] EDIT test/controllers/default.py: 0
[2016-04-28 18:01:38] EDIT test/views/default/sports.html: 1
[2016-04-28 18:02:09] EDIT test/views/default/sports.html: 3
[2016-04-28 18:03:13] EDIT test/controllers/default.py: 6
[2016-04-28 18:04:01] EDIT test/controllers/default.py: 2
[2016-04-28 18:04:23] EDIT test/controllers/default.py: 6
[2016-04-28 18:05:02] EDIT test/controllers/default.py: 2
[2016-04-28 18:09:27] EDIT test/controllers/default.py: 6
[2016-04-28 18:09:47] EDIT test/controllers/default.py: 0
[2016-04-28 18:09:51] EDIT test/controllers/default.py: 0
[2016-04-28 18:09:54] EDIT test/controllers/default.py: 0
[2016-04-28 18:09:58] EDIT test/controllers/default.py: 0
[2016-04-28 18:10:01] EDIT test/controllers/default.py: 0
[2016-04-28 18:11:25] EDIT test/views/default/entertainment.html: 3
[2016-04-28 18:11:47] EDIT test/views/default/entertainment.html: 2
[2016-04-28 18:14:03] EDIT test/views/default/business.html: -1
[2016-04-28 18:14:06] EDIT test/views/default/business.html: 1
[2016-04-28 18:14:22] EDIT test/views/default/business.html: 3
[2016-04-28 18:14:52] EDIT test/views/default/technology.html: 3
[2016-04-28 18:15:12] EDIT test/views/default/technology.html: 1
[2016-04-28 18:16:42] EDIT test/views/default/myposts.html: 0
[2016-04-28 18:17:29] EDIT test/views/default/show.html: 2
[2016-04-28 18:31:17] EDIT test/views/default/politics.html: 0
[2016-04-28 18:32:03] EDIT test/views/default/entertainment.html: 0
[2016-04-28 18:32:15] EDIT test/views/default/entertainment.html: 0
[2016-04-28 18:32:30] EDIT test/views/default/sports.html: 0
[2016-04-28 18:32:36] EDIT test/views/default/sports.html: 0
[2016-04-28 18:33:00] EDIT test/views/default/technology.html: 0
[2016-04-28 18:33:30] EDIT test/views/default/business.html: 0
[2016-04-28 18:35:48] EDIT test/views/default/politics.html: 0
[2016-04-28 18:36:10] EDIT test/views/default/politics.html: 0
[2016-04-28 18:36:16] EDIT test/views/default/politics.html: -1
[2016-04-28 18:37:19] EDIT test/views/default/politics.html: 0
[2016-04-28 18:37:48] EDIT test/views/default/politics.html: 0
[2016-04-28 18:38:47] EDIT test/views/default/entertainment.html: 0
[2016-04-28 18:39:09] EDIT test/views/default/entertainment.html: -1
[2016-04-28 18:39:34] EDIT test/views/default/business.html: -1
[2016-04-28 18:40:10] EDIT test/views/default/business.html: -9
[2016-04-28 18:40:29] EDIT test/views/default/politics.html: -9
[2016-04-28 18:40:51] EDIT test/views/default/entertainment.html: -9
[2016-04-28 18:41:22] EDIT test/views/default/sports.html: -1
[2016-04-28 18:41:26] EDIT test/views/default/sports.html: -9
[2016-04-28 18:41:49] EDIT test/views/default/technology.html: -1
[2016-04-28 18:41:57] EDIT test/views/default/technology.html: -9
[2016-04-28 22:34:55] EDIT test/controllers/default.py: -2
[2016-04-28 22:37:49] EDIT test/views/default/index.html: 3
[2016-04-28 22:38:07] EDIT test/views/default/index.html: -1
[2016-04-28 22:38:31] EDIT test/views/default/index.html: -3
[2016-04-28 22:39:11] EDIT test/views/default/index.html: 1
